[1114/101848:ERROR:process_info.cc(608)] range at 0xff6ea000, size 0x230 fully unreadable
[1114/101848:ERROR:process_reader_win.cc(233)] ReadMemory at 0xff6ea000 of 560 bytes failed: Only part of a ReadProcessMemory or WriteProcessMemory request was completed. (0x12B)
[1114/101848:ERROR:process_snapshot_win.cc(355)] ReadMemory PEB
[1114/101848:ERROR:process_reader_win.cc(233)] ReadMemory at 0x10b0000 of 64 bytes failed: Only part of a ReadProcessMemory or WriteProcessMemory request was completed. (0x12B)
[1114/101848:WARNING:pe_image_reader.cc(281)] could not read dos header from C:\Program Files (x86)\Google\Chrome\Application\chrome.exe
[1114/101848:ERROR:process_reader_win.cc(233)] ReadMemory at 0x77cb0000 of 64 bytes failed: Only part of a ReadProcessMemory or WriteProcessMemory request was completed. (0x12B)
[1114/101848:WARNING:pe_image_reader.cc(281)] could not read dos header from C:\Windows\SYSTEM32\ntdll.dll
[1114/101848:ERROR:process_reader_win.cc(233)] ReadMemory at 0x762c0000 of 64 bytes failed: Only part of a ReadProcessMemory or WriteProcessMemory request was completed. (0x12B)
[1114/101848:WARNING:pe_image_reader.cc(281)] could not read dos header from C:\Windows\SYSTEM32\KERNELBASE.dll
[1114/101848:ERROR:process_reader_win.cc(233)] ReadMemory at 0x75900000 of 64 bytes failed: Only part of a ReadProcessMemory or WriteProcessMemory request was completed. (0x12B)
[1114/101848:WARNING:pe_image_reader.cc(281)] could not read dos header from C:\Windows\SYSTEM32\KERNEL32.DLL
[1114/101848:ERROR:process_reader_win.cc(233)] ReadMemory at 0x75830000 of 64 bytes failed: Only part of a ReadProcessMemory or WriteProcessMemory request was completed. (0x12B)
[1114/101848:WARNING:pe_image_reader.cc(281)] could not read dos header from C:\Windows\SYSTEM32\msvcrt.dll
[1114/101848:ERROR:process_reader_win.cc(233)] ReadMemory at 0x75430000 of 64 bytes failed: Only part of a ReadProcessMemory or WriteProcessMemory request was completed. (0x12B)
[1114/101848:WARNING:pe_image_reader.cc(281)] could not read dos header from C:\Windows\SYSTEM32\bcryptPrimitives.dll
[1114/101848:ERROR:process_reader_win.cc(233)] ReadMemory at 0x75490000 of 64 bytes failed: Only part of a ReadProcessMemory or WriteProcessMemory request was completed. (0x12B)
[1114/101848:WARNING:pe_image_reader.cc(281)] could not read dos header from C:\Windows\SYSTEM32\CRYPTBASE.DLL
[1114/101848:ERROR:process_reader_win.cc(233)] ReadMemory at 0x76030000 of 64 bytes failed: Only part of a ReadProcessMemory or WriteProcessMemory request was completed. (0x12B)
[1114/101848:WARNING:pe_image_reader.cc(281)] could not read dos header from C:\Windows\SYSTEM32\SspiCli.dll
[1114/101848:ERROR:process_reader_win.cc(233)] ReadMemory at 0x76050000 of 64 bytes failed: Only part of a ReadProcessMemory or WriteProcessMemory request was completed. (0x12B)
[1114/101848:WARNING:pe_image_reader.cc(281)] could not read dos header from C:\Windows\SYSTEM32\RPCRT4.dll
[1114/101848:ERROR:process_reader_win.cc(233)] ReadMemory at 0x75a40000 of 64 bytes failed: Only part of a ReadProcessMemory or WriteProcessMemory request was completed. (0x12B)
[1114/101848:WARNING:pe_image_reader.cc(281)] could not read dos header from C:\Windows\SYSTEM32\sechost.dll
[1114/101848:ERROR:process_reader_win.cc(233)] ReadMemory at 0x75fb0000 of 64 bytes failed: Only part of a ReadProcessMemory or WriteProcessMemory request was completed. (0x12B)
[1114/101848:WARNING:pe_image_reader.cc(281)] could not read dos header from C:\Windows\SYSTEM32\ADVAPI32.dll
[1114/101848:ERROR:process_reader_win.cc(233)] ReadMemory at 0x74230000 of 64 bytes failed: Only part of a ReadProcessMemory or WriteProcessMemory request was completed. (0x12B)
[1114/101848:WARNING:pe_image_reader.cc(281)] could not read dos header from C:\Windows\SYSTEM32\VERSION.dll
[1114/101848:ERROR:process_reader_win.cc(233)] ReadMemory at 0x671b0000 of 64 bytes failed: Only part of a ReadProcessMemory or WriteProcessMemory request was completed. (0x12B)
[1114/101848:WARNING:pe_image_reader.cc(281)] could not read dos header from C:\Program Files (x86)\Google\Chrome\Application\54.0.2840.71\chrome_elf.dll
[1114/101848:ERROR:process_reader_win.cc(233)] ReadMemory at 0x754a0000 of 64 bytes failed: Only part of a ReadProcessMemory or WriteProcessMemory request was completed. (0x12B)
[1114/101848:WARNING:pe_image_reader.cc(281)] could not read dos header from C:\Windows\SYSTEM32\combase.dll
[1114/101848:ERROR:process_reader_win.cc(233)] ReadMemory at 0x75b90000 of 64 bytes failed: Only part of a ReadProcessMemory or WriteProcessMemory request was completed. (0x12B)
[1114/101848:WARNING:pe_image_reader.cc(281)] could not read dos header from C:\Windows\SYSTEM32\GDI32.dll
[1114/101848:ERROR:process_reader_win.cc(233)] ReadMemory at 0x77830000 of 64 bytes failed: Only part of a ReadProcessMemory or WriteProcessMemory request was completed. (0x12B)
[1114/101848:WARNING:pe_image_reader.cc(281)] could not read dos header from C:\Windows\SYSTEM32\USER32.dll
[1114/101848:ERROR:process_reader_win.cc(233)] ReadMemory at 0x75cd0000 of 64 bytes failed: Only part of a ReadProcessMemory or WriteProcessMemory request was completed. (0x12B)
[1114/101848:WARNING:pe_image_reader.cc(281)] could not read dos header from C:\Windows\SYSTEM32\MSCTF.dll
[1114/101848:ERROR:process_reader_win.cc(233)] ReadMemory at 0x75ca0000 of 64 bytes failed: Only part of a ReadProcessMemory or WriteProcessMemory request was completed. (0x12B)
[1114/101848:WARNING:pe_image_reader.cc(281)] could not read dos header from C:\Windows\system32\IMM32.DLL
[1114/101848:ERROR:process_reader_win.cc(233)] ReadMemory at 0x75a90000 of 64 bytes failed: Only part of a ReadProcessMemory or WriteProcessMemory request was completed. (0x12B)
[1114/101848:WARNING:pe_image_reader.cc(281)] could not read dos header from C:\Windows\SYSTEM32\SHLWAPI.dll
[1114/101848:ERROR:process_reader_win.cc(233)] ReadMemory at 0x763e0000 of 64 bytes failed: Only part of a ReadProcessMemory or WriteProcessMemory request was completed. (0x12B)
[1114/101848:WARNING:pe_image_reader.cc(281)] could not read dos header from C:\Windows\SYSTEM32\SHELL32.dll
[1114/101848:ERROR:process_reader_win.cc(233)] ReadMemory at 0x763a0000 of 64 bytes failed: Only part of a ReadProcessMemory or WriteProcessMemory request was completed. (0x12B)
[1114/101848:WARNING:pe_image_reader.cc(281)] could not read dos header from C:\Windows\SYSTEM32\cfgmgr32.dll
[1114/101848:ERROR:process_reader_win.cc(233)] ReadMemory at 0x75360000 of 64 bytes failed: Only part of a ReadProcessMemory or WriteProcessMemory request was completed. (0x12B)
[1114/101848:WARNING:pe_image_reader.cc(281)] could not read dos header from C:\Windows\SYSTEM32\DEVOBJ.dll
[1114/101848:ERROR:process_reader_win.cc(233)] ReadMemory at 0x74fa0000 of 64 bytes failed: Only part of a ReadProcessMemory or WriteProcessMemory request was completed. (0x12B)
[1114/101848:WARNING:pe_image_reader.cc(281)] could not read dos header from C:\Windows\SYSTEM32\WINMMBASE.dll
[1114/101848:ERROR:process_reader_win.cc(233)] ReadMemory at 0x74fd0000 of 64 bytes failed: Only part of a ReadProcessMemory or WriteProcessMemory request was completed. (0x12B)
[1114/101848:WARNING:pe_image_reader.cc(281)] could not read dos header from C:\Windows\SYSTEM32\WINMM.dll
[1114/101848:ERROR:process_reader_win.cc(233)] ReadMemory at 0x753f0000 of 64 bytes failed: Only part of a ReadProcessMemory or WriteProcessMemory request was completed. (0x12B)
[1114/101848:WARNING:pe_image_reader.cc(281)] could not read dos header from C:\Windows\SYSTEM32\WTSAPI32.dll
[1114/101848:ERROR:process_reader_win.cc(233)] ReadMemory at 0x750c0000 of 64 bytes failed: Only part of a ReadProcessMemory or WriteProcessMemory request was completed. (0x12B)
[1114/101848:WARNING:pe_image_reader.cc(281)] could not read dos header from C:\Windows\SYSTEM32\WINHTTP.dll
[1114/101848:ERROR:process_reader_win.cc(233)] ReadMemory at 0x75030000 of 64 bytes failed: Only part of a ReadProcessMemory or WriteProcessMemory request was completed. (0x12B)
[1114/101848:WARNING:pe_image_reader.cc(281)] could not read dos header from C:\Windows\SYSTEM32\shcore.dll
[1114/101848:ERROR:process_reader_win.cc(233)] ReadMemory at 0x688d0000 of 64 bytes failed: Only part of a ReadProcessMemory or WriteProcessMemory request was completed. (0x12B)
[1114/101848:WARNING:pe_image_reader.cc(281)] could not read dos header from C:\Windows\SYSTEM32\dbghelp.dll
[1114/101848:ERROR:process_reader_win.cc(233)] ReadMemory at 0x76130000 of 64 bytes failed: Only part of a ReadProcessMemory or WriteProcessMemory request was completed. (0x12B)
[1114/101848:WARNING:pe_image_reader.cc(281)] could not read dos header from C:\Windows\SYSTEM32\ole32.dll
[1114/101848:ERROR:process_reader_win.cc(233)] ReadMemory at 0x75ae0000 of 64 bytes failed: Only part of a ReadProcessMemory or WriteProcessMemory request was completed. (0x12B)
[1114/101848:WARNING:pe_image_reader.cc(281)] could not read dos header from C:\Windows\SYSTEM32\OLEAUT32.dll
[1114/101848:ERROR:process_reader_win.cc(233)] ReadMemory at 0x75630000 of 64 bytes failed: Only part of a ReadProcessMemory or WriteProcessMemory request was completed. (0x12B)
[1114/101848:WARNING:pe_image_reader.cc(281)] could not read dos header from C:\Windows\SYSTEM32\PSAPI.DLL
[1114/101848:ERROR:process_reader_win.cc(233)] ReadMemory at 0x75b80000 of 64 bytes failed: Only part of a ReadProcessMemory or WriteProcessMemory request was completed. (0x12B)
[1114/101848:WARNING:pe_image_reader.cc(281)] could not read dos header from C:\Windows\SYSTEM32\NSI.dll
[1114/101848:ERROR:process_reader_win.cc(233)] ReadMemory at 0x757d0000 of 64 bytes failed: Only part of a ReadProcessMemory or WriteProcessMemory request was completed. (0x12B)
[1114/101848:WARNING:pe_image_reader.cc(281)] could not read dos header from C:\Windows\SYSTEM32\WS2_32.dll
[1114/101848:ERROR:process_reader_win.cc(233)] ReadMemory at 0x74760000 of 64 bytes failed: Only part of a ReadProcessMemory or WriteProcessMemory request was completed. (0x12B)
[1114/101848:WARNING:pe_image_reader.cc(281)] could not read dos header from C:\Windows\WinSxS\x86_microsoft.windows.common-controls_6595b64144ccf1df_6.0.9600.18006_none_a9ec6aab013aafee\COMCTL32.dll
[1114/101848:ERROR:process_reader_win.cc(233)] ReadMemory at 0x77b40000 of 64 bytes failed: Only part of a ReadProcessMemory or WriteProcessMemory request was completed. (0x12B)
[1114/101848:WARNING:pe_image_reader.cc(281)] could not read dos header from C:\Windows\SYSTEM32\COMDLG32.dll
[1114/101848:ERROR:process_reader_win.cc(233)] ReadMemory at 0x672e0000 of 64 bytes failed: Only part of a ReadProcessMemory or WriteProcessMemory request was completed. (0x12B)
[1114/101848:WARNING:pe_image_reader.cc(281)] could not read dos header from C:\Windows\SYSTEM32\USP10.dll
[1114/101848:ERROR:process_reader_win.cc(233)] ReadMemory at 0x74470000 of 64 bytes failed: Only part of a ReadProcessMemory or WriteProcessMemory request was completed. (0x12B)
[1114/101848:WARNING:pe_image_reader.cc(281)] could not read dos header from C:\Windows\SYSTEM32\WINSPOOL.DRV
[1114/101848:ERROR:process_reader_win.cc(233)] ReadMemory at 0x75270000 of 64 bytes failed: Only part of a ReadProcessMemory or WriteProcessMemory request was completed. (0x12B)
[1114/101848:WARNING:pe_image_reader.cc(281)] could not read dos header from C:\Windows\SYSTEM32\WINNSI.DLL
[1114/101848:ERROR:process_reader_win.cc(233)] ReadMemory at 0x75280000 of 64 bytes failed: Only part of a ReadProcessMemory or WriteProcessMemory request was completed. (0x12B)
[1114/101848:WARNING:pe_image_reader.cc(281)] could not read dos header from C:\Windows\SYSTEM32\IPHLPAPI.DLL
[1114/101848:ERROR:process_reader_win.cc(233)] ReadMemory at 0x74140000 of 64 bytes failed: Only part of a ReadProcessMemory or WriteProcessMemory request was completed. (0x12B)
[1114/101848:WARNING:pe_image_reader.cc(281)] could not read dos header from C:\Windows\SYSTEM32\Secur32.dll
[1114/101848:ERROR:process_reader_win.cc(233)] ReadMemory at 0x73180000 of 64 bytes failed: Only part of a ReadProcessMemory or WriteProcessMemory request was completed. (0x12B)
[1114/101848:WARNING:pe_image_reader.cc(281)] could not read dos header from C:\Windows\SYSTEM32\DWrite.dll
[1114/101848:ERROR:process_reader_win.cc(233)] ReadMemory at 0x757c0000 of 64 bytes failed: Only part of a ReadProcessMemory or WriteProcessMemory request was completed. (0x12B)
[1114/101848:WARNING:pe_image_reader.cc(281)] could not read dos header from C:\Windows\SYSTEM32\MSASN1.dll
[1114/101848:ERROR:process_reader_win.cc(233)] ReadMemory at 0x776a0000 of 64 bytes failed: Only part of a ReadProcessMemory or WriteProcessMemory request was completed. (0x12B)
[1114/101848:WARNING:pe_image_reader.cc(281)] could not read dos header from C:\Windows\SYSTEM32\CRYPT32.dll
[1114/101848:ERROR:process_reader_win.cc(233)] ReadMemory at 0x77b00000 of 64 bytes failed: Only part of a ReadProcessMemory or WriteProcessMemory request was completed. (0x12B)
[1114/101848:WARNING:pe_image_reader.cc(281)] could not read dos header from C:\Windows\SYSTEM32\WINTRUST.dll
[1114/101848:ERROR:process_reader_win.cc(233)] ReadMemory at 0x51f50000 of 64 bytes failed: Only part of a ReadProcessMemory or WriteProcessMemory request was completed. (0x12B)
[1114/101848:WARNING:pe_image_reader.cc(281)] could not read dos header from C:\Program Files (x86)\Google\Chrome\Application\54.0.2840.71\chrome_child.dll
[1114/101848:ERROR:process_reader_win.cc(233)] ReadMemory at 0x77db1860 of 5888 bytes failed: Only part of a ReadProcessMemory or WriteProcessMemory request was completed. (0x12B)
[1114/101848:ERROR:process_reader_win.cc(233)] ReadMemory at 0x10b0000 of 64 bytes failed: Only part of a ReadProcessMemory or WriteProcessMemory request was completed. (0x12B)
[1114/101848:WARNING:pe_image_reader.cc(281)] could not read dos header from C:\Program Files (x86)\Google\Chrome\Application\chrome.exe
[1114/101848:ERROR:process_reader_win.cc(233)] ReadMemory at 0x77cb0000 of 64 bytes failed: Only part of a ReadProcessMemory or WriteProcessMemory request was completed. (0x12B)
[1114/101848:WARNING:pe_image_reader.cc(281)] could not read dos header from C:\Windows\SYSTEM32\ntdll.dll
[1114/101848:ERROR:process_reader_win.cc(233)] ReadMemory at 0x762c0000 of 64 bytes failed: Only part of a ReadProcessMemory or WriteProcessMemory request was completed. (0x12B)
[1114/101848:WARNING:pe_image_reader.cc(281)] could not read dos header from C:\Windows\SYSTEM32\KERNELBASE.dll
[1114/101848:ERROR:process_reader_win.cc(233)] ReadMemory at 0x75900000 of 64 bytes failed: Only part of a ReadProcessMemory or WriteProcessMemory request was completed. (0x12B)
[1114/101848:WARNING:pe_image_reader.cc(281)] could not read dos header from C:\Windows\SYSTEM32\KERNEL32.DLL
[1114/101848:ERROR:process_reader_win.cc(233)] ReadMemory at 0x75830000 of 64 bytes failed: Only part of a ReadProcessMemory or WriteProcessMemory request was completed. (0x12B)
[1114/101848:WARNING:pe_image_reader.cc(281)] could not read dos header from C:\Windows\SYSTEM32\msvcrt.dll
[1114/101848:ERROR:process_reader_win.cc(233)] ReadMemory at 0x75430000 of 64 bytes failed: Only part of a ReadProcessMemory or WriteProcessMemory request was completed. (0x12B)
[1114/101848:WARNING:pe_image_reader.cc(281)] could not read dos header from C:\Windows\SYSTEM32\bcryptPrimitives.dll
[1114/101848:ERROR:process_reader_win.cc(233)] ReadMemory at 0x75490000 of 64 bytes failed: Only part of a ReadProcessMemory or WriteProcessMemory request was completed. (0x12B)
[1114/101848:WARNING:pe_image_reader.cc(281)] could not read dos header from C:\Windows\SYSTEM32\CRYPTBASE.DLL
[1114/101848:ERROR:process_reader_win.cc(233)] ReadMemory at 0x76030000 of 64 bytes failed: Only part of a ReadProcessMemory or WriteProcessMemory request was completed. (0x12B)
[1114/101848:WARNING:pe_image_reader.cc(281)] could not read dos header from C:\Windows\SYSTEM32\SspiCli.dll
[1114/101848:ERROR:process_reader_win.cc(233)] ReadMemory at 0x76050000 of 64 bytes failed: Only part of a ReadProcessMemory or WriteProcessMemory request was completed. (0x12B)
[1114/101848:WARNING:pe_image_reader.cc(281)] could not read dos header from C:\Windows\SYSTEM32\RPCRT4.dll
[1114/101848:ERROR:process_reader_win.cc(233)] ReadMemory at 0x75a40000 of 64 bytes failed: Only part of a ReadProcessMemory or WriteProcessMemory request was completed. (0x12B)
[1114/101848:WARNING:pe_image_reader.cc(281)] could not read dos header from C:\Windows\SYSTEM32\sechost.dll
[1114/101848:ERROR:process_reader_win.cc(233)] ReadMemory at 0x75fb0000 of 64 bytes failed: Only part of a ReadProcessMemory or WriteProcessMemory request was completed. (0x12B)
[1114/101848:WARNING:pe_image_reader.cc(281)] could not read dos header from C:\Windows\SYSTEM32\ADVAPI32.dll
[1114/101848:ERROR:process_reader_win.cc(233)] ReadMemory at 0x74230000 of 64 bytes failed: Only part of a ReadProcessMemory or WriteProcessMemory request was completed. (0x12B)
[1114/101848:WARNING:pe_image_reader.cc(281)] could not read dos header from C:\Windows\SYSTEM32\VERSION.dll
[1114/101848:ERROR:process_reader_win.cc(233)] ReadMemory at 0x671b0000 of 64 bytes failed: Only part of a ReadProcessMemory or WriteProcessMemory request was completed. (0x12B)
[1114/101848:WARNING:pe_image_reader.cc(281)] could not read dos header from C:\Program Files (x86)\Google\Chrome\Application\54.0.2840.71\chrome_elf.dll
[1114/101848:ERROR:process_reader_win.cc(233)] ReadMemory at 0x754a0000 of 64 bytes failed: Only part of a ReadProcessMemory or WriteProcessMemory request was completed. (0x12B)
[1114/101848:WARNING:pe_image_reader.cc(281)] could not read dos header from C:\Windows\SYSTEM32\combase.dll
[1114/101848:ERROR:process_reader_win.cc(233)] ReadMemory at 0x75b90000 of 64 bytes failed: Only part of a ReadProcessMemory or WriteProcessMemory request was completed. (0x12B)
[1114/101848:WARNING:pe_image_reader.cc(281)] could not read dos header from C:\Windows\SYSTEM32\GDI32.dll
[1114/101848:ERROR:process_reader_win.cc(233)] ReadMemory at 0x77830000 of 64 bytes failed: Only part of a ReadProcessMemory or WriteProcessMemory request was completed. (0x12B)
[1114/101848:WARNING:pe_image_reader.cc(281)] could not read dos header from C:\Windows\SYSTEM32\USER32.dll
[1114/101848:ERROR:process_reader_win.cc(233)] ReadMemory at 0x75cd0000 of 64 bytes failed: Only part of a ReadProcessMemory or WriteProcessMemory request was completed. (0x12B)
[1114/101848:WARNING:pe_image_reader.cc(281)] could not read dos header from C:\Windows\SYSTEM32\MSCTF.dll
[1114/101848:ERROR:process_reader_win.cc(233)] ReadMemory at 0x75ca0000 of 64 bytes failed: Only part of a ReadProcessMemory or WriteProcessMemory request was completed. (0x12B)
[1114/101848:WARNING:pe_image_reader.cc(281)] could not read dos header from C:\Windows\system32\IMM32.DLL
[1114/101848:ERROR:process_reader_win.cc(233)] ReadMemory at 0x75a90000 of 64 bytes failed: Only part of a ReadProcessMemory or WriteProcessMemory request was completed. (0x12B)
[1114/101848:WARNING:pe_image_reader.cc(281)] could not read dos header from C:\Windows\SYSTEM32\SHLWAPI.dll
[1114/101848:ERROR:process_reader_win.cc(233)] ReadMemory at 0x763e0000 of 64 bytes failed: Only part of a ReadProcessMemory or WriteProcessMemory request was completed. (0x12B)
[1114/101848:WARNING:pe_image_reader.cc(281)] could not read dos header from C:\Windows\SYSTEM32\SHELL32.dll
[1114/101848:ERROR:process_reader_win.cc(233)] ReadMemory at 0x763a0000 of 64 bytes failed: Only part of a ReadProcessMemory or WriteProcessMemory request was completed. (0x12B)
[1114/101848:WARNING:pe_image_reader.cc(281)] could not read dos header from C:\Windows\SYSTEM32\cfgmgr32.dll
[1114/101848:ERROR:process_reader_win.cc(233)] ReadMemory at 0x75360000 of 64 bytes failed: Only part of a ReadProcessMemory or WriteProcessMemory request was completed. (0x12B)
[1114/101848:WARNING:pe_image_reader.cc(281)] could not read dos header from C:\Windows\SYSTEM32\DEVOBJ.dll
[1114/101848:ERROR:process_reader_win.cc(233)] ReadMemory at 0x74fa0000 of 64 bytes failed: Only part of a ReadProcessMemory or WriteProcessMemory request was completed. (0x12B)
[1114/101848:WARNING:pe_image_reader.cc(281)] could not read dos header from C:\Windows\SYSTEM32\WINMMBASE.dll
[1114/101848:ERROR:process_reader_win.cc(233)] ReadMemory at 0x74fd0000 of 64 bytes failed: Only part of a ReadProcessMemory or WriteProcessMemory request was completed. (0x12B)
[1114/101848:WARNING:pe_image_reader.cc(281)] could not read dos header from C:\Windows\SYSTEM32\WINMM.dll
[1114/101848:ERROR:process_reader_win.cc(233)] ReadMemory at 0x753f0000 of 64 bytes failed: Only part of a ReadProcessMemory or WriteProcessMemory request was completed. (0x12B)
[1114/101848:WARNING:pe_image_reader.cc(281)] could not read dos header from C:\Windows\SYSTEM32\WTSAPI32.dll
[1114/101848:ERROR:process_reader_win.cc(233)] ReadMemory at 0x750c0000 of 64 bytes failed: Only part of a ReadProcessMemory or WriteProcessMemory request was completed. (0x12B)
[1114/101848:WARNING:pe_image_reader.cc(281)] could not read dos header from C:\Windows\SYSTEM32\WINHTTP.dll
[1114/101848:ERROR:process_reader_win.cc(233)] ReadMemory at 0x75030000 of 64 bytes failed: Only part of a ReadProcessMemory or WriteProcessMemory request was completed. (0x12B)
[1114/101848:WARNING:pe_image_reader.cc(281)] could not read dos header from C:\Windows\SYSTEM32\shcore.dll
[1114/101848:ERROR:process_reader_win.cc(233)] ReadMemory at 0x688d0000 of 64 bytes failed: Only part of a ReadProcessMemory or WriteProcessMemory request was completed. (0x12B)
[1114/101848:WARNING:pe_image_reader.cc(281)] could not read dos header from C:\Windows\SYSTEM32\dbghelp.dll
[1114/101848:ERROR:process_reader_win.cc(233)] ReadMemory at 0x76130000 of 64 bytes failed: Only part of a ReadProcessMemory or WriteProcessMemory request was completed. (0x12B)
[1114/101848:WARNING:pe_image_reader.cc(281)] could not read dos header from C:\Windows\SYSTEM32\ole32.dll
[1114/101848:ERROR:process_reader_win.cc(233)] ReadMemory at 0x75ae0000 of 64 bytes failed: Only part of a ReadProcessMemory or WriteProcessMemory request was completed. (0x12B)
[1114/101848:WARNING:pe_image_reader.cc(281)] could not read dos header from C:\Windows\SYSTEM32\OLEAUT32.dll
[1114/101848:ERROR:process_reader_win.cc(233)] ReadMemory at 0x75630000 of 64 bytes failed: Only part of a ReadProcessMemory or WriteProcessMemory request was completed. (0x12B)
[1114/101848:WARNING:pe_image_reader.cc(281)] could not read dos header from C:\Windows\SYSTEM32\PSAPI.DLL
[1114/101848:ERROR:process_reader_win.cc(233)] ReadMemory at 0x75b80000 of 64 bytes failed: Only part of a ReadProcessMemory or WriteProcessMemory request was completed. (0x12B)
[1114/101848:WARNING:pe_image_reader.cc(281)] could not read dos header from C:\Windows\SYSTEM32\NSI.dll
[1114/101848:ERROR:process_reader_win.cc(233)] ReadMemory at 0x757d0000 of 64 bytes failed: Only part of a ReadProcessMemory or WriteProcessMemory request was completed. (0x12B)
[1114/101848:WARNING:pe_image_reader.cc(281)] could not read dos header from C:\Windows\SYSTEM32\WS2_32.dll
[1114/101848:ERROR:process_reader_win.cc(233)] ReadMemory at 0x74760000 of 64 bytes failed: Only part of a ReadProcessMemory or WriteProcessMemory request was completed. (0x12B)
[1114/101848:WARNING:pe_image_reader.cc(281)] could not read dos header from C:\Windows\WinSxS\x86_microsoft.windows.common-controls_6595b64144ccf1df_6.0.9600.18006_none_a9ec6aab013aafee\COMCTL32.dll
[1114/101848:ERROR:process_reader_win.cc(233)] ReadMemory at 0x77b40000 of 64 bytes failed: Only part of a ReadProcessMemory or WriteProcessMemory request was completed. (0x12B)
[1114/101848:WARNING:pe_image_reader.cc(281)] could not read dos header from C:\Windows\SYSTEM32\COMDLG32.dll
[1114/101848:ERROR:process_reader_win.cc(233)] ReadMemory at 0x672e0000 of 64 bytes failed: Only part of a ReadProcessMemory or WriteProcessMemory request was completed. (0x12B)
[1114/101848:WARNING:pe_image_reader.cc(281)] could not read dos header from C:\Windows\SYSTEM32\USP10.dll
[1114/101848:ERROR:process_reader_win.cc(233)] ReadMemory at 0x74470000 of 64 bytes failed: Only part of a ReadProcessMemory or WriteProcessMemory request was completed. (0x12B)
[1114/101848:WARNING:pe_image_reader.cc(281)] could not read dos header from C:\Windows\SYSTEM32\WINSPOOL.DRV
[1114/101848:ERROR:process_reader_win.cc(233)] ReadMemory at 0x75270000 of 64 bytes failed: Only part of a ReadProcessMemory or WriteProcessMemory request was completed. (0x12B)
[1114/101848:WARNING:pe_image_reader.cc(281)] could not read dos header from C:\Windows\SYSTEM32\WINNSI.DLL
[1114/101848:ERROR:process_reader_win.cc(233)] ReadMemory at 0x75280000 of 64 bytes failed: Only part of a ReadProcessMemory or WriteProcessMemory request was completed. (0x12B)
[1114/101848:WARNING:pe_image_reader.cc(281)] could not read dos header from C:\Windows\SYSTEM32\IPHLPAPI.DLL
[1114/101848:ERROR:process_reader_win.cc(233)] ReadMemory at 0x74140000 of 64 bytes failed: Only part of a ReadProcessMemory or WriteProcessMemory request was completed. (0x12B)
[1114/101848:WARNING:pe_image_reader.cc(281)] could not read dos header from C:\Windows\SYSTEM32\Secur32.dll
[1114/101848:ERROR:process_reader_win.cc(233)] ReadMemory at 0x73180000 of 64 bytes failed: Only part of a ReadProcessMemory or WriteProcessMemory request was completed. (0x12B)
[1114/101848:WARNING:pe_image_reader.cc(281)] could not read dos header from C:\Windows\SYSTEM32\DWrite.dll
[1114/101848:ERROR:process_reader_win.cc(233)] ReadMemory at 0x757c0000 of 64 bytes failed: Only part of a ReadProcessMemory or WriteProcessMemory request was completed. (0x12B)
[1114/101848:WARNING:pe_image_reader.cc(281)] could not read dos header from C:\Windows\SYSTEM32\MSASN1.dll
[1114/101848:ERROR:process_reader_win.cc(233)] ReadMemory at 0x776a0000 of 64 bytes failed: Only part of a ReadProcessMemory or WriteProcessMemory request was completed. (0x12B)
[1114/101848:WARNING:pe_image_reader.cc(281)] could not read dos header from C:\Windows\SYSTEM32\CRYPT32.dll
[1114/101848:ERROR:process_reader_win.cc(233)] ReadMemory at 0x77b00000 of 64 bytes failed: Only part of a ReadProcessMemory or WriteProcessMemory request was completed. (0x12B)
[1114/101848:WARNING:pe_image_reader.cc(281)] could not read dos header from C:\Windows\SYSTEM32\WINTRUST.dll
[1114/101848:ERROR:process_reader_win.cc(233)] ReadMemory at 0x51f50000 of 64 bytes failed: Only part of a ReadProcessMemory or WriteProcessMemory request was completed. (0x12B)
[1114/101848:WARNING:pe_image_reader.cc(281)] could not read dos header from C:\Program Files (x86)\Google\Chrome\Application\54.0.2840.71\chrome_child.dll
[1114/101848:ERROR:process_info.cc(608)] range at 0xff6ee000, size 0xf84 fully unreadable
[1114/101848:ERROR:process_info.cc(608)] range at 0xff6e9000, size 0xf84 fully unreadable
[1114/101848:ERROR:process_info.cc(608)] range at 0xff6e6000, size 0xf84 fully unreadable
[1114/101848:ERROR:process_info.cc(608)] range at 0xff5bf000, size 0xf84 fully unreadable
[1114/101848:ERROR:process_info.cc(608)] range at 0xff5bc000, size 0xf84 fully unreadable
[1114/101848:ERROR:process_info.cc(608)] range at 0xff5b9000, size 0xf84 fully unreadable
[1114/101848:ERROR:process_info.cc(608)] range at 0xff5b6000, size 0xf84 fully unreadable
[1114/101848:ERROR:process_info.cc(608)] range at 0xff5b3000, size 0xf84 fully unreadable
[1114/101848:ERROR:process_info.cc(608)] range at 0xff5b0000, size 0xf84 fully unreadable
[1114/101848:ERROR:process_info.cc(608)] range at 0xff5ad000, size 0xf84 fully unreadable
[1114/101848:ERROR:process_info.cc(608)] range at 0xff5aa000, size 0xf84 fully unreadable
[1114/101848:ERROR:process_info.cc(608)] range at 0xff5a7000, size 0xf84 fully unreadable
[1114/101848:ERROR:process_info.cc(608)] range at 0xff5a4000, size 0xf84 fully unreadable
[1114/101848:ERROR:process_reader_win.cc(233)] ReadMemory at 0x10b0000 of 64 bytes failed: Only part of a ReadProcessMemory or WriteProcessMemory request was completed. (0x12B)
[1114/101848:WARNING:pe_image_reader.cc(281)] could not read dos header from C:\Program Files (x86)\Google\Chrome\Application\chrome.exe
[1114/101848:ERROR:process_reader_win.cc(233)] ReadMemory at 0x77cb0000 of 64 bytes failed: Only part of a ReadProcessMemory or WriteProcessMemory request was completed. (0x12B)
[1114/101848:WARNING:pe_image_reader.cc(281)] could not read dos header from C:\Windows\SYSTEM32\ntdll.dll
[1114/101848:ERROR:process_reader_win.cc(233)] ReadMemory at 0x762c0000 of 64 bytes failed: Only part of a ReadProcessMemory or WriteProcessMemory request was completed. (0x12B)
[1114/101848:WARNING:pe_image_reader.cc(281)] could not read dos header from C:\Windows\SYSTEM32\KERNELBASE.dll
[1114/101848:ERROR:process_reader_win.cc(233)] ReadMemory at 0x75900000 of 64 bytes failed: Only part of a ReadProcessMemory or WriteProcessMemory request was completed. (0x12B)
[1114/101848:WARNING:pe_image_reader.cc(281)] could not read dos header from C:\Windows\SYSTEM32\KERNEL32.DLL
[1114/101848:ERROR:process_reader_win.cc(233)] ReadMemory at 0x75830000 of 64 bytes failed: Only part of a ReadProcessMemory or WriteProcessMemory request was completed. (0x12B)
[1114/101848:WARNING:pe_image_reader.cc(281)] could not read dos header from C:\Windows\SYSTEM32\msvcrt.dll
[1114/101848:ERROR:process_reader_win.cc(233)] ReadMemory at 0x75430000 of 64 bytes failed: Only part of a ReadProcessMemory or WriteProcessMemory request was completed. (0x12B)
[1114/101848:WARNING:pe_image_reader.cc(281)] could not read dos header from C:\Windows\SYSTEM32\bcryptPrimitives.dll
[1114/101848:ERROR:process_reader_win.cc(233)] ReadMemory at 0x75490000 of 64 bytes failed: Only part of a ReadProcessMemory or WriteProcessMemory request was completed. (0x12B)
[1114/101848:WARNING:pe_image_reader.cc(281)] could not read dos header from C:\Windows\SYSTEM32\CRYPTBASE.DLL
[1114/101848:ERROR:process_reader_win.cc(233)] ReadMemory at 0x76030000 of 64 bytes failed: Only part of a ReadProcessMemory or WriteProcessMemory request was completed. (0x12B)
[1114/101848:WARNING:pe_image_reader.cc(281)] could not read dos header from C:\Windows\SYSTEM32\SspiCli.dll
[1114/101848:ERROR:process_reader_win.cc(233)] ReadMemory at 0x76050000 of 64 bytes failed: Only part of a ReadProcessMemory or WriteProcessMemory request was completed. (0x12B)
[1114/101848:WARNING:pe_image_reader.cc(281)] could not read dos header from C:\Windows\SYSTEM32\RPCRT4.dll
[1114/101848:ERROR:process_reader_win.cc(233)] ReadMemory at 0x75a40000 of 64 bytes failed: Only part of a ReadProcessMemory or WriteProcessMemory request was completed. (0x12B)
[1114/101848:WARNING:pe_image_reader.cc(281)] could not read dos header from C:\Windows\SYSTEM32\sechost.dll
[1114/101848:ERROR:process_reader_win.cc(233)] ReadMemory at 0x75fb0000 of 64 bytes failed: Only part of a ReadProcessMemory or WriteProcessMemory request was completed. (0x12B)
[1114/101848:WARNING:pe_image_reader.cc(281)] could not read dos header from C:\Windows\SYSTEM32\ADVAPI32.dll
[1114/101848:ERROR:process_reader_win.cc(233)] ReadMemory at 0x74230000 of 64 bytes failed: Only part of a ReadProcessMemory or WriteProcessMemory request was completed. (0x12B)
[1114/101848:WARNING:pe_image_reader.cc(281)] could not read dos header from C:\Windows\SYSTEM32\VERSION.dll
[1114/101848:ERROR:process_reader_win.cc(233)] ReadMemory at 0x671b0000 of 64 bytes failed: Only part of a ReadProcessMemory or WriteProcessMemory request was completed. (0x12B)
[1114/101848:WARNING:pe_image_reader.cc(281)] could not read dos header from C:\Program Files (x86)\Google\Chrome\Application\54.0.2840.71\chrome_elf.dll
[1114/101848:ERROR:process_reader_win.cc(233)] ReadMemory at 0x754a0000 of 64 bytes failed: Only part of a ReadProcessMemory or WriteProcessMemory request was completed. (0x12B)
[1114/101848:WARNING:pe_image_reader.cc(281)] could not read dos header from C:\Windows\SYSTEM32\combase.dll
[1114/101848:ERROR:process_reader_win.cc(233)] ReadMemory at 0x75b90000 of 64 bytes failed: Only part of a ReadProcessMemory or WriteProcessMemory request was completed. (0x12B)
[1114/101848:WARNING:pe_image_reader.cc(281)] could not read dos header from C:\Windows\SYSTEM32\GDI32.dll
[1114/101848:ERROR:process_reader_win.cc(233)] ReadMemory at 0x77830000 of 64 bytes failed: Only part of a ReadProcessMemory or WriteProcessMemory request was completed. (0x12B)
[1114/101848:WARNING:pe_image_reader.cc(281)] could not read dos header from C:\Windows\SYSTEM32\USER32.dll
[1114/101848:ERROR:process_reader_win.cc(233)] ReadMemory at 0x75cd0000 of 64 bytes failed: Only part of a ReadProcessMemory or WriteProcessMemory request was completed. (0x12B)
[1114/101848:WARNING:pe_image_reader.cc(281)] could not read dos header from C:\Windows\SYSTEM32\MSCTF.dll
[1114/101848:ERROR:process_reader_win.cc(233)] ReadMemory at 0x75ca0000 of 64 bytes failed: Only part of a ReadProcessMemory or WriteProcessMemory request was completed. (0x12B)
[1114/101848:WARNING:pe_image_reader.cc(281)] could not read dos header from C:\Windows\system32\IMM32.DLL
[1114/101848:ERROR:process_reader_win.cc(233)] ReadMemory at 0x75a90000 of 64 bytes failed: Only part of a ReadProcessMemory or WriteProcessMemory request was completed. (0x12B)
[1114/101848:WARNING:pe_image_reader.cc(281)] could not read dos header from C:\Windows\SYSTEM32\SHLWAPI.dll
[1114/101848:ERROR:process_reader_win.cc(233)] ReadMemory at 0x763e0000 of 64 bytes failed: Only part of a ReadProcessMemory or WriteProcessMemory request was completed. (0x12B)
[1114/101848:WARNING:pe_image_reader.cc(281)] could not read dos header from C:\Windows\SYSTEM32\SHELL32.dll
[1114/101848:ERROR:process_reader_win.cc(233)] ReadMemory at 0x763a0000 of 64 bytes failed: Only part of a ReadProcessMemory or WriteProcessMemory request was completed. (0x12B)
[1114/101848:WARNING:pe_image_reader.cc(281)] could not read dos header from C:\Windows\SYSTEM32\cfgmgr32.dll
[1114/101848:ERROR:process_reader_win.cc(233)] ReadMemory at 0x75360000 of 64 bytes failed: Only part of a ReadProcessMemory or WriteProcessMemory request was completed. (0x12B)
[1114/101848:WARNING:pe_image_reader.cc(281)] could not read dos header from C:\Windows\SYSTEM32\DEVOBJ.dll
[1114/101848:ERROR:process_reader_win.cc(233)] ReadMemory at 0x74fa0000 of 64 bytes failed: Only part of a ReadProcessMemory or WriteProcessMemory request was completed. (0x12B)
[1114/101848:WARNING:pe_image_reader.cc(281)] could not read dos header from C:\Windows\SYSTEM32\WINMMBASE.dll
[1114/101848:ERROR:process_reader_win.cc(233)] ReadMemory at 0x74fd0000 of 64 bytes failed: Only part of a ReadProcessMemory or WriteProcessMemory request was completed. (0x12B)
[1114/101848:WARNING:pe_image_reader.cc(281)] could not read dos header from C:\Windows\SYSTEM32\WINMM.dll
[1114/101848:ERROR:process_reader_win.cc(233)] ReadMemory at 0x753f0000 of 64 bytes failed: Only part of a ReadProcessMemory or WriteProcessMemory request was completed. (0x12B)
[1114/101848:WARNING:pe_image_reader.cc(281)] could not read dos header from C:\Windows\SYSTEM32\WTSAPI32.dll
[1114/101848:ERROR:process_reader_win.cc(233)] ReadMemory at 0x750c0000 of 64 bytes failed: Only part of a ReadProcessMemory or WriteProcessMemory request was completed. (0x12B)
[1114/101848:WARNING:pe_image_reader.cc(281)] could not read dos header from C:\Windows\SYSTEM32\WINHTTP.dll
[1114/101848:ERROR:process_reader_win.cc(233)] ReadMemory at 0x75030000 of 64 bytes failed: Only part of a ReadProcessMemory or WriteProcessMemory request was completed. (0x12B)
[1114/101848:WARNING:pe_image_reader.cc(281)] could not read dos header from C:\Windows\SYSTEM32\shcore.dll
[1114/101848:ERROR:process_reader_win.cc(233)] ReadMemory at 0x688d0000 of 64 bytes failed: Only part of a ReadProcessMemory or WriteProcessMemory request was completed. (0x12B)
[1114/101848:WARNING:pe_image_reader.cc(281)] could not read dos header from C:\Windows\SYSTEM32\dbghelp.dll
[1114/101848:ERROR:process_reader_win.cc(233)] ReadMemory at 0x76130000 of 64 bytes failed: Only part of a ReadProcessMemory or WriteProcessMemory request was completed. (0x12B)
[1114/101848:WARNING:pe_image_reader.cc(281)] could not read dos header from C:\Windows\SYSTEM32\ole32.dll
[1114/101848:ERROR:process_reader_win.cc(233)] ReadMemory at 0x75ae0000 of 64 bytes failed: Only part of a ReadProcessMemory or WriteProcessMemory request was completed. (0x12B)
[1114/101848:WARNING:pe_image_reader.cc(281)] could not read dos header from C:\Windows\SYSTEM32\OLEAUT32.dll
[1114/101848:ERROR:process_reader_win.cc(233)] ReadMemory at 0x75630000 of 64 bytes failed: Only part of a ReadProcessMemory or WriteProcessMemory request was completed. (0x12B)
[1114/101848:WARNING:pe_image_reader.cc(281)] could not read dos header from C:\Windows\SYSTEM32\PSAPI.DLL
[1114/101848:ERROR:process_reader_win.cc(233)] ReadMemory at 0x75b80000 of 64 bytes failed: Only part of a ReadProcessMemory or WriteProcessMemory request was completed. (0x12B)
[1114/101848:WARNING:pe_image_reader.cc(281)] could not read dos header from C:\Windows\SYSTEM32\NSI.dll
[1114/101848:ERROR:process_reader_win.cc(233)] ReadMemory at 0x757d0000 of 64 bytes failed: Only part of a ReadProcessMemory or WriteProcessMemory request was completed. (0x12B)
[1114/101848:WARNING:pe_image_reader.cc(281)] could not read dos header from C:\Windows\SYSTEM32\WS2_32.dll
[1114/101848:ERROR:process_reader_win.cc(233)] ReadMemory at 0x74760000 of 64 bytes failed: Only part of a ReadProcessMemory or WriteProcessMemory request was completed. (0x12B)
[1114/101848:WARNING:pe_image_reader.cc(281)] could not read dos header from C:\Windows\WinSxS\x86_microsoft.windows.common-controls_6595b64144ccf1df_6.0.9600.18006_none_a9ec6aab013aafee\COMCTL32.dll
[1114/101848:ERROR:process_reader_win.cc(233)] ReadMemory at 0x77b40000 of 64 bytes failed: Only part of a ReadProcessMemory or WriteProcessMemory request was completed. (0x12B)
[1114/101848:WARNING:pe_image_reader.cc(281)] could not read dos header from C:\Windows\SYSTEM32\COMDLG32.dll
[1114/101848:ERROR:process_reader_win.cc(233)] ReadMemory at 0x672e0000 of 64 bytes failed: Only part of a ReadProcessMemory or WriteProcessMemory request was completed. (0x12B)
[1114/101848:WARNING:pe_image_reader.cc(281)] could not read dos header from C:\Windows\SYSTEM32\USP10.dll
[1114/101848:ERROR:process_reader_win.cc(233)] ReadMemory at 0x74470000 of 64 bytes failed: Only part of a ReadProcessMemory or WriteProcessMemory request was completed. (0x12B)
[1114/101848:WARNING:pe_image_reader.cc(281)] could not read dos header from C:\Windows\SYSTEM32\WINSPOOL.DRV
[1114/101848:ERROR:process_reader_win.cc(233)] ReadMemory at 0x75270000 of 64 bytes failed: Only part of a ReadProcessMemory or WriteProcessMemory request was completed. (0x12B)
[1114/101848:WARNING:pe_image_reader.cc(281)] could not read dos header from C:\Windows\SYSTEM32\WINNSI.DLL
[1114/101848:ERROR:process_reader_win.cc(233)] ReadMemory at 0x75280000 of 64 bytes failed: Only part of a ReadProcessMemory or WriteProcessMemory request was completed. (0x12B)
[1114/101848:WARNING:pe_image_reader.cc(281)] could not read dos header from C:\Windows\SYSTEM32\IPHLPAPI.DLL
[1114/101848:ERROR:process_reader_win.cc(233)] ReadMemory at 0x74140000 of 64 bytes failed: Only part of a ReadProcessMemory or WriteProcessMemory request was completed. (0x12B)
[1114/101848:WARNING:pe_image_reader.cc(281)] could not read dos header from C:\Windows\SYSTEM32\Secur32.dll
[1114/101848:ERROR:process_reader_win.cc(233)] ReadMemory at 0x73180000 of 64 bytes failed: Only part of a ReadProcessMemory or WriteProcessMemory request was completed. (0x12B)
[1114/101848:WARNING:pe_image_reader.cc(281)] could not read dos header from C:\Windows\SYSTEM32\DWrite.dll
[1114/101848:ERROR:process_reader_win.cc(233)] ReadMemory at 0x757c0000 of 64 bytes failed: Only part of a ReadProcessMemory or WriteProcessMemory request was completed. (0x12B)
[1114/101848:WARNING:pe_image_reader.cc(281)] could not read dos header from C:\Windows\SYSTEM32\MSASN1.dll
[1114/101848:ERROR:process_reader_win.cc(233)] ReadMemory at 0x776a0000 of 64 bytes failed: Only part of a ReadProcessMemory or WriteProcessMemory request was completed. (0x12B)
[1114/101848:WARNING:pe_image_reader.cc(281)] could not read dos header from C:\Windows\SYSTEM32\CRYPT32.dll
[1114/101848:ERROR:process_reader_win.cc(233)] ReadMemory at 0x77b00000 of 64 bytes failed: Only part of a ReadProcessMemory or WriteProcessMemory request was completed. (0x12B)
[1114/101848:WARNING:pe_image_reader.cc(281)] could not read dos header from C:\Windows\SYSTEM32\WINTRUST.dll
[1114/101848:ERROR:process_reader_win.cc(233)] ReadMemory at 0x51f50000 of 64 bytes failed: Only part of a ReadProcessMemory or WriteProcessMemory request was completed. (0x12B)
[1114/101848:WARNING:pe_image_reader.cc(281)] could not read dos header from C:\Program Files (x86)\Google\Chrome\Application\54.0.2840.71\chrome_child.dll
[1114/101849:ERROR:process_reader_win.cc(233)] ReadMemory at 0x10b0000 of 64 bytes failed: Only part of a ReadProcessMemory or WriteProcessMemory request was completed. (0x12B)
[1114/101849:WARNING:pe_image_reader.cc(281)] could not read dos header from C:\Program Files (x86)\Google\Chrome\Application\chrome.exe
[1114/101849:ERROR:process_reader_win.cc(233)] ReadMemory at 0x77cb0000 of 64 bytes failed: Only part of a ReadProcessMemory or WriteProcessMemory request was completed. (0x12B)
[1114/101849:WARNING:pe_image_reader.cc(281)] could not read dos header from C:\Windows\SYSTEM32\ntdll.dll
[1114/101849:ERROR:process_reader_win.cc(233)] ReadMemory at 0x762c0000 of 64 bytes failed: Only part of a ReadProcessMemory or WriteProcessMemory request was completed. (0x12B)
[1114/101849:WARNING:pe_image_reader.cc(281)] could not read dos header from C:\Windows\SYSTEM32\KERNELBASE.dll
[1114/101849:ERROR:process_reader_win.cc(233)] ReadMemory at 0x75900000 of 64 bytes failed: Only part of a ReadProcessMemory or WriteProcessMemory request was completed. (0x12B)
[1114/101849:WARNING:pe_image_reader.cc(281)] could not read dos header from C:\Windows\SYSTEM32\KERNEL32.DLL
[1114/101849:ERROR:process_reader_win.cc(233)] ReadMemory at 0x75830000 of 64 bytes failed: Only part of a ReadProcessMemory or WriteProcessMemory request was completed. (0x12B)
[1114/101849:WARNING:pe_image_reader.cc(281)] could not read dos header from C:\Windows\SYSTEM32\msvcrt.dll
[1114/101849:ERROR:process_reader_win.cc(233)] ReadMemory at 0x75430000 of 64 bytes failed: Only part of a ReadProcessMemory or WriteProcessMemory request was completed. (0x12B)
[1114/101849:WARNING:pe_image_reader.cc(281)] could not read dos header from C:\Windows\SYSTEM32\bcryptPrimitives.dll
[1114/101849:ERROR:process_reader_win.cc(233)] ReadMemory at 0x75490000 of 64 bytes failed: Only part of a ReadProcessMemory or WriteProcessMemory request was completed. (0x12B)
[1114/101849:WARNING:pe_image_reader.cc(281)] could not read dos header from C:\Windows\SYSTEM32\CRYPTBASE.DLL
[1114/101849:ERROR:process_reader_win.cc(233)] ReadMemory at 0x76030000 of 64 bytes failed: Only part of a ReadProcessMemory or WriteProcessMemory request was completed. (0x12B)
[1114/101849:WARNING:pe_image_reader.cc(281)] could not read dos header from C:\Windows\SYSTEM32\SspiCli.dll
[1114/101849:ERROR:process_reader_win.cc(233)] ReadMemory at 0x76050000 of 64 bytes failed: Only part of a ReadProcessMemory or WriteProcessMemory request was completed. (0x12B)
[1114/101849:WARNING:pe_image_reader.cc(281)] could not read dos header from C:\Windows\SYSTEM32\RPCRT4.dll
[1114/101849:ERROR:process_reader_win.cc(233)] ReadMemory at 0x75a40000 of 64 bytes failed: Only part of a ReadProcessMemory or WriteProcessMemory request was completed. (0x12B)
[1114/101849:WARNING:pe_image_reader.cc(281)] could not read dos header from C:\Windows\SYSTEM32\sechost.dll
[1114/101849:ERROR:process_reader_win.cc(233)] ReadMemory at 0x75fb0000 of 64 bytes failed: Only part of a ReadProcessMemory or WriteProcessMemory request was completed. (0x12B)
[1114/101849:WARNING:pe_image_reader.cc(281)] could not read dos header from C:\Windows\SYSTEM32\ADVAPI32.dll
[1114/101849:ERROR:process_reader_win.cc(233)] ReadMemory at 0x74230000 of 64 bytes failed: Only part of a ReadProcessMemory or WriteProcessMemory request was completed. (0x12B)
[1114/101849:WARNING:pe_image_reader.cc(281)] could not read dos header from C:\Windows\SYSTEM32\VERSION.dll
[1114/101849:ERROR:process_reader_win.cc(233)] ReadMemory at 0x671b0000 of 64 bytes failed: Only part of a ReadProcessMemory or WriteProcessMemory request was completed. (0x12B)
[1114/101849:WARNING:pe_image_reader.cc(281)] could not read dos header from C:\Program Files (x86)\Google\Chrome\Application\54.0.2840.71\chrome_elf.dll
[1114/101849:ERROR:process_reader_win.cc(233)] ReadMemory at 0x754a0000 of 64 bytes failed: Only part of a ReadProcessMemory or WriteProcessMemory request was completed. (0x12B)
[1114/101849:WARNING:pe_image_reader.cc(281)] could not read dos header from C:\Windows\SYSTEM32\combase.dll
[1114/101849:ERROR:process_reader_win.cc(233)] ReadMemory at 0x75b90000 of 64 bytes failed: Only part of a ReadProcessMemory or WriteProcessMemory request was completed. (0x12B)
[1114/101849:WARNING:pe_image_reader.cc(281)] could not read dos header from C:\Windows\SYSTEM32\GDI32.dll
[1114/101849:ERROR:process_reader_win.cc(233)] ReadMemory at 0x77830000 of 64 bytes failed: Only part of a ReadProcessMemory or WriteProcessMemory request was completed. (0x12B)
[1114/101849:WARNING:pe_image_reader.cc(281)] could not read dos header from C:\Windows\SYSTEM32\USER32.dll
[1114/101849:ERROR:process_reader_win.cc(233)] ReadMemory at 0x75cd0000 of 64 bytes failed: Only part of a ReadProcessMemory or WriteProcessMemory request was completed. (0x12B)
[1114/101849:WARNING:pe_image_reader.cc(281)] could not read dos header from C:\Windows\SYSTEM32\MSCTF.dll
[1114/101849:ERROR:process_reader_win.cc(233)] ReadMemory at 0x75ca0000 of 64 bytes failed: Only part of a ReadProcessMemory or WriteProcessMemory request was completed. (0x12B)
[1114/101849:WARNING:pe_image_reader.cc(281)] could not read dos header from C:\Windows\system32\IMM32.DLL
[1114/101849:ERROR:process_reader_win.cc(233)] ReadMemory at 0x75a90000 of 64 bytes failed: Only part of a ReadProcessMemory or WriteProcessMemory request was completed. (0x12B)
[1114/101849:WARNING:pe_image_reader.cc(281)] could not read dos header from C:\Windows\SYSTEM32\SHLWAPI.dll
[1114/101849:ERROR:process_reader_win.cc(233)] ReadMemory at 0x763e0000 of 64 bytes failed: Only part of a ReadProcessMemory or WriteProcessMemory request was completed. (0x12B)
[1114/101849:WARNING:pe_image_reader.cc(281)] could not read dos header from C:\Windows\SYSTEM32\SHELL32.dll
[1114/101849:ERROR:process_reader_win.cc(233)] ReadMemory at 0x763a0000 of 64 bytes failed: Only part of a ReadProcessMemory or WriteProcessMemory request was completed. (0x12B)
[1114/101849:WARNING:pe_image_reader.cc(281)] could not read dos header from C:\Windows\SYSTEM32\cfgmgr32.dll
[1114/101849:ERROR:process_reader_win.cc(233)] ReadMemory at 0x75360000 of 64 bytes failed: Only part of a ReadProcessMemory or WriteProcessMemory request was completed. (0x12B)
[1114/101849:WARNING:pe_image_reader.cc(281)] could not read dos header from C:\Windows\SYSTEM32\DEVOBJ.dll
[1114/101849:ERROR:process_reader_win.cc(233)] ReadMemory at 0x74fa0000 of 64 bytes failed: Only part of a ReadProcessMemory or WriteProcessMemory request was completed. (0x12B)
[1114/101849:WARNING:pe_image_reader.cc(281)] could not read dos header from C:\Windows\SYSTEM32\WINMMBASE.dll
[1114/101849:ERROR:process_reader_win.cc(233)] ReadMemory at 0x74fd0000 of 64 bytes failed: Only part of a ReadProcessMemory or WriteProcessMemory request was completed. (0x12B)
[1114/101849:WARNING:pe_image_reader.cc(281)] could not read dos header from C:\Windows\SYSTEM32\WINMM.dll
[1114/101849:ERROR:process_reader_win.cc(233)] ReadMemory at 0x753f0000 of 64 bytes failed: Only part of a ReadProcessMemory or WriteProcessMemory request was completed. (0x12B)
[1114/101849:WARNING:pe_image_reader.cc(281)] could not read dos header from C:\Windows\SYSTEM32\WTSAPI32.dll
[1114/101849:ERROR:process_reader_win.cc(233)] ReadMemory at 0x750c0000 of 64 bytes failed: Only part of a ReadProcessMemory or WriteProcessMemory request was completed. (0x12B)
[1114/101849:WARNING:pe_image_reader.cc(281)] could not read dos header from C:\Windows\SYSTEM32\WINHTTP.dll
[1114/101849:ERROR:process_reader_win.cc(233)] ReadMemory at 0x75030000 of 64 bytes failed: Only part of a ReadProcessMemory or WriteProcessMemory request was completed. (0x12B)
[1114/101849:WARNING:pe_image_reader.cc(281)] could not read dos header from C:\Windows\SYSTEM32\shcore.dll
[1114/101849:ERROR:process_reader_win.cc(233)] ReadMemory at 0x688d0000 of 64 bytes failed: Only part of a ReadProcessMemory or WriteProcessMemory request was completed. (0x12B)
[1114/101849:WARNING:pe_image_reader.cc(281)] could not read dos header from C:\Windows\SYSTEM32\dbghelp.dll
[1114/101849:ERROR:process_reader_win.cc(233)] ReadMemory at 0x76130000 of 64 bytes failed: Only part of a ReadProcessMemory or WriteProcessMemory request was completed. (0x12B)
[1114/101849:WARNING:pe_image_reader.cc(281)] could not read dos header from C:\Windows\SYSTEM32\ole32.dll
[1114/101849:ERROR:process_reader_win.cc(233)] ReadMemory at 0x75ae0000 of 64 bytes failed: Only part of a ReadProcessMemory or WriteProcessMemory request was completed. (0x12B)
[1114/101849:WARNING:pe_image_reader.cc(281)] could not read dos header from C:\Windows\SYSTEM32\OLEAUT32.dll
[1114/101849:ERROR:process_reader_win.cc(233)] ReadMemory at 0x75630000 of 64 bytes failed: Only part of a ReadProcessMemory or WriteProcessMemory request was completed. (0x12B)
[1114/101849:WARNING:pe_image_reader.cc(281)] could not read dos header from C:\Windows\SYSTEM32\PSAPI.DLL
[1114/101849:ERROR:process_reader_win.cc(233)] ReadMemory at 0x75b80000 of 64 bytes failed: Only part of a ReadProcessMemory or WriteProcessMemory request was completed. (0x12B)
[1114/101849:WARNING:pe_image_reader.cc(281)] could not read dos header from C:\Windows\SYSTEM32\NSI.dll
[1114/101849:ERROR:process_reader_win.cc(233)] ReadMemory at 0x757d0000 of 64 bytes failed: Only part of a ReadProcessMemory or WriteProcessMemory request was completed. (0x12B)
[1114/101849:WARNING:pe_image_reader.cc(281)] could not read dos header from C:\Windows\SYSTEM32\WS2_32.dll
[1114/101849:ERROR:process_reader_win.cc(233)] ReadMemory at 0x74760000 of 64 bytes failed: Only part of a ReadProcessMemory or WriteProcessMemory request was completed. (0x12B)
[1114/101849:WARNING:pe_image_reader.cc(281)] could not read dos header from C:\Windows\WinSxS\x86_microsoft.windows.common-controls_6595b64144ccf1df_6.0.9600.18006_none_a9ec6aab013aafee\COMCTL32.dll
[1114/101849:ERROR:process_reader_win.cc(233)] ReadMemory at 0x77b40000 of 64 bytes failed: Only part of a ReadProcessMemory or WriteProcessMemory request was completed. (0x12B)
[1114/101849:WARNING:pe_image_reader.cc(281)] could not read dos header from C:\Windows\SYSTEM32\COMDLG32.dll
[1114/101849:ERROR:process_reader_win.cc(233)] ReadMemory at 0x672e0000 of 64 bytes failed: Only part of a ReadProcessMemory or WriteProcessMemory request was completed. (0x12B)
[1114/101849:WARNING:pe_image_reader.cc(281)] could not read dos header from C:\Windows\SYSTEM32\USP10.dll
[1114/101849:ERROR:process_reader_win.cc(233)] ReadMemory at 0x74470000 of 64 bytes failed: Only part of a ReadProcessMemory or WriteProcessMemory request was completed. (0x12B)
[1114/101849:WARNING:pe_image_reader.cc(281)] could not read dos header from C:\Windows\SYSTEM32\WINSPOOL.DRV
[1114/101849:ERROR:process_reader_win.cc(233)] ReadMemory at 0x75270000 of 64 bytes failed: Only part of a ReadProcessMemory or WriteProcessMemory request was completed. (0x12B)
[1114/101849:WARNING:pe_image_reader.cc(281)] could not read dos header from C:\Windows\SYSTEM32\WINNSI.DLL
[1114/101849:ERROR:process_reader_win.cc(233)] ReadMemory at 0x75280000 of 64 bytes failed: Only part of a ReadProcessMemory or WriteProcessMemory request was completed. (0x12B)
[1114/101849:WARNING:pe_image_reader.cc(281)] could not read dos header from C:\Windows\SYSTEM32\IPHLPAPI.DLL
[1114/101849:ERROR:process_reader_win.cc(233)] ReadMemory at 0x74140000 of 64 bytes failed: Only part of a ReadProcessMemory or WriteProcessMemory request was completed. (0x12B)
[1114/101849:WARNING:pe_image_reader.cc(281)] could not read dos header from C:\Windows\SYSTEM32\Secur32.dll
[1114/101849:ERROR:process_reader_win.cc(233)] ReadMemory at 0x73180000 of 64 bytes failed: Only part of a ReadProcessMemory or WriteProcessMemory request was completed. (0x12B)
[1114/101849:WARNING:pe_image_reader.cc(281)] could not read dos header from C:\Windows\SYSTEM32\DWrite.dll
[1114/101849:ERROR:process_reader_win.cc(233)] ReadMemory at 0x757c0000 of 64 bytes failed: Only part of a ReadProcessMemory or WriteProcessMemory request was completed. (0x12B)
[1114/101849:WARNING:pe_image_reader.cc(281)] could not read dos header from C:\Windows\SYSTEM32\MSASN1.dll
[1114/101849:ERROR:process_reader_win.cc(233)] ReadMemory at 0x776a0000 of 64 bytes failed: Only part of a ReadProcessMemory or WriteProcessMemory request was completed. (0x12B)
[1114/101849:WARNING:pe_image_reader.cc(281)] could not read dos header from C:\Windows\SYSTEM32\CRYPT32.dll
[1114/101849:ERROR:process_reader_win.cc(233)] ReadMemory at 0x77b00000 of 64 bytes failed: Only part of a ReadProcessMemory or WriteProcessMemory request was completed. (0x12B)
[1114/101849:WARNING:pe_image_reader.cc(281)] could not read dos header from C:\Windows\SYSTEM32\WINTRUST.dll
[1114/101849:ERROR:process_reader_win.cc(233)] ReadMemory at 0x51f50000 of 64 bytes failed: Only part of a ReadProcessMemory or WriteProcessMemory request was completed. (0x12B)
[1114/101849:WARNING:pe_image_reader.cc(281)] could not read dos header from C:\Program Files (x86)\Google\Chrome\Application\54.0.2840.71\chrome_child.dll
[1114/101849:ERROR:process_reader_win.cc(233)] ReadMemory at 0x10b0000 of 64 bytes failed: Only part of a ReadProcessMemory or WriteProcessMemory request was completed. (0x12B)
[1114/101849:WARNING:pe_image_reader.cc(281)] could not read dos header from C:\Program Files (x86)\Google\Chrome\Application\chrome.exe
[1114/101849:ERROR:process_reader_win.cc(233)] ReadMemory at 0x77cb0000 of 64 bytes failed: Only part of a ReadProcessMemory or WriteProcessMemory request was completed. (0x12B)
[1114/101849:WARNING:pe_image_reader.cc(281)] could not read dos header from C:\Windows\SYSTEM32\ntdll.dll
[1114/101849:ERROR:process_reader_win.cc(233)] ReadMemory at 0x762c0000 of 64 bytes failed: Only part of a ReadProcessMemory or WriteProcessMemory request was completed. (0x12B)
[1114/101849:WARNING:pe_image_reader.cc(281)] could not read dos header from C:\Windows\SYSTEM32\KERNELBASE.dll
[1114/101849:ERROR:process_reader_win.cc(233)] ReadMemory at 0x75900000 of 64 bytes failed: Only part of a ReadProcessMemory or WriteProcessMemory request was completed. (0x12B)
[1114/101849:WARNING:pe_image_reader.cc(281)] could not read dos header from C:\Windows\SYSTEM32\KERNEL32.DLL
[1114/101849:ERROR:process_reader_win.cc(233)] ReadMemory at 0x75830000 of 64 bytes failed: Only part of a ReadProcessMemory or WriteProcessMemory request was completed. (0x12B)
[1114/101849:WARNING:pe_image_reader.cc(281)] could not read dos header from C:\Windows\SYSTEM32\msvcrt.dll
[1114/101849:ERROR:process_reader_win.cc(233)] ReadMemory at 0x75430000 of 64 bytes failed: Only part of a ReadProcessMemory or WriteProcessMemory request was completed. (0x12B)
[1114/101849:WARNING:pe_image_reader.cc(281)] could not read dos header from C:\Windows\SYSTEM32\bcryptPrimitives.dll
[1114/101849:ERROR:process_reader_win.cc(233)] ReadMemory at 0x75490000 of 64 bytes failed: Only part of a ReadProcessMemory or WriteProcessMemory request was completed. (0x12B)
[1114/101849:WARNING:pe_image_reader.cc(281)] could not read dos header from C:\Windows\SYSTEM32\CRYPTBASE.DLL
[1114/101849:ERROR:process_reader_win.cc(233)] ReadMemory at 0x76030000 of 64 bytes failed: Only part of a ReadProcessMemory or WriteProcessMemory request was completed. (0x12B)
[1114/101849:WARNING:pe_image_reader.cc(281)] could not read dos header from C:\Windows\SYSTEM32\SspiCli.dll
[1114/101849:ERROR:process_reader_win.cc(233)] ReadMemory at 0x76050000 of 64 bytes failed: Only part of a ReadProcessMemory or WriteProcessMemory request was completed. (0x12B)
[1114/101849:WARNING:pe_image_reader.cc(281)] could not read dos header from C:\Windows\SYSTEM32\RPCRT4.dll
[1114/101849:ERROR:process_reader_win.cc(233)] ReadMemory at 0x75a40000 of 64 bytes failed: Only part of a ReadProcessMemory or WriteProcessMemory request was completed. (0x12B)
[1114/101849:WARNING:pe_image_reader.cc(281)] could not read dos header from C:\Windows\SYSTEM32\sechost.dll
[1114/101849:ERROR:process_reader_win.cc(233)] ReadMemory at 0x75fb0000 of 64 bytes failed: Only part of a ReadProcessMemory or WriteProcessMemory request was completed. (0x12B)
[1114/101849:WARNING:pe_image_reader.cc(281)] could not read dos header from C:\Windows\SYSTEM32\ADVAPI32.dll
[1114/101849:ERROR:process_reader_win.cc(233)] ReadMemory at 0x74230000 of 64 bytes failed: Only part of a ReadProcessMemory or WriteProcessMemory request was completed. (0x12B)
[1114/101849:WARNING:pe_image_reader.cc(281)] could not read dos header from C:\Windows\SYSTEM32\VERSION.dll
[1114/101849:ERROR:process_reader_win.cc(233)] ReadMemory at 0x671b0000 of 64 bytes failed: Only part of a ReadProcessMemory or WriteProcessMemory request was completed. (0x12B)
[1114/101849:WARNING:pe_image_reader.cc(281)] could not read dos header from C:\Program Files (x86)\Google\Chrome\Application\54.0.2840.71\chrome_elf.dll
[1114/101849:ERROR:process_reader_win.cc(233)] ReadMemory at 0x754a0000 of 64 bytes failed: Only part of a ReadProcessMemory or WriteProcessMemory request was completed. (0x12B)
[1114/101849:WARNING:pe_image_reader.cc(281)] could not read dos header from C:\Windows\SYSTEM32\combase.dll
[1114/101849:ERROR:process_reader_win.cc(233)] ReadMemory at 0x75b90000 of 64 bytes failed: Only part of a ReadProcessMemory or WriteProcessMemory request was completed. (0x12B)
[1114/101849:WARNING:pe_image_reader.cc(281)] could not read dos header from C:\Windows\SYSTEM32\GDI32.dll
[1114/101849:ERROR:process_reader_win.cc(233)] ReadMemory at 0x77830000 of 64 bytes failed: Only part of a ReadProcessMemory or WriteProcessMemory request was completed. (0x12B)
[1114/101849:WARNING:pe_image_reader.cc(281)] could not read dos header from C:\Windows\SYSTEM32\USER32.dll
[1114/101849:ERROR:process_reader_win.cc(233)] ReadMemory at 0x75cd0000 of 64 bytes failed: Only part of a ReadProcessMemory or WriteProcessMemory request was completed. (0x12B)
[1114/101849:WARNING:pe_image_reader.cc(281)] could not read dos header from C:\Windows\SYSTEM32\MSCTF.dll
[1114/101849:ERROR:process_reader_win.cc(233)] ReadMemory at 0x75ca0000 of 64 bytes failed: Only part of a ReadProcessMemory or WriteProcessMemory request was completed. (0x12B)
[1114/101849:WARNING:pe_image_reader.cc(281)] could not read dos header from C:\Windows\system32\IMM32.DLL
[1114/101849:ERROR:process_reader_win.cc(233)] ReadMemory at 0x75a90000 of 64 bytes failed: Only part of a ReadProcessMemory or WriteProcessMemory request was completed. (0x12B)
[1114/101849:WARNING:pe_image_reader.cc(281)] could not read dos header from C:\Windows\SYSTEM32\SHLWAPI.dll
[1114/101849:ERROR:process_reader_win.cc(233)] ReadMemory at 0x763e0000 of 64 bytes failed: Only part of a ReadProcessMemory or WriteProcessMemory request was completed. (0x12B)
[1114/101849:WARNING:pe_image_reader.cc(281)] could not read dos header from C:\Windows\SYSTEM32\SHELL32.dll
[1114/101849:ERROR:process_reader_win.cc(233)] ReadMemory at 0x763a0000 of 64 bytes failed: Only part of a ReadProcessMemory or WriteProcessMemory request was completed. (0x12B)
[1114/101849:WARNING:pe_image_reader.cc(281)] could not read dos header from C:\Windows\SYSTEM32\cfgmgr32.dll
[1114/101849:ERROR:process_reader_win.cc(233)] ReadMemory at 0x75360000 of 64 bytes failed: Only part of a ReadProcessMemory or WriteProcessMemory request was completed. (0x12B)
[1114/101849:WARNING:pe_image_reader.cc(281)] could not read dos header from C:\Windows\SYSTEM32\DEVOBJ.dll
[1114/101849:ERROR:process_reader_win.cc(233)] ReadMemory at 0x74fa0000 of 64 bytes failed: Only part of a ReadProcessMemory or WriteProcessMemory request was completed. (0x12B)
[1114/101849:WARNING:pe_image_reader.cc(281)] could not read dos header from C:\Windows\SYSTEM32\WINMMBASE.dll
[1114/101849:ERROR:process_reader_win.cc(233)] ReadMemory at 0x74fd0000 of 64 bytes failed: Only part of a ReadProcessMemory or WriteProcessMemory request was completed. (0x12B)
[1114/101849:WARNING:pe_image_reader.cc(281)] could not read dos header from C:\Windows\SYSTEM32\WINMM.dll
[1114/101849:ERROR:process_reader_win.cc(233)] ReadMemory at 0x753f0000 of 64 bytes failed: Only part of a ReadProcessMemory or WriteProcessMemory request was completed. (0x12B)
[1114/101849:WARNING:pe_image_reader.cc(281)] could not read dos header from C:\Windows\SYSTEM32\WTSAPI32.dll
[1114/101849:ERROR:process_reader_win.cc(233)] ReadMemory at 0x750c0000 of 64 bytes failed: Only part of a ReadProcessMemory or WriteProcessMemory request was completed. (0x12B)
[1114/101849:WARNING:pe_image_reader.cc(281)] could not read dos header from C:\Windows\SYSTEM32\WINHTTP.dll
[1114/101849:ERROR:process_reader_win.cc(233)] ReadMemory at 0x75030000 of 64 bytes failed: Only part of a ReadProcessMemory or WriteProcessMemory request was completed. (0x12B)
[1114/101849:WARNING:pe_image_reader.cc(281)] could not read dos header from C:\Windows\SYSTEM32\shcore.dll
[1114/101849:ERROR:process_reader_win.cc(233)] ReadMemory at 0x688d0000 of 64 bytes failed: Only part of a ReadProcessMemory or WriteProcessMemory request was completed. (0x12B)
[1114/101849:WARNING:pe_image_reader.cc(281)] could not read dos header from C:\Windows\SYSTEM32\dbghelp.dll
[1114/101849:ERROR:process_reader_win.cc(233)] ReadMemory at 0x76130000 of 64 bytes failed: Only part of a ReadProcessMemory or WriteProcessMemory request was completed. (0x12B)
[1114/101849:WARNING:pe_image_reader.cc(281)] could not read dos header from C:\Windows\SYSTEM32\ole32.dll
[1114/101849:ERROR:process_reader_win.cc(233)] ReadMemory at 0x75ae0000 of 64 bytes failed: Only part of a ReadProcessMemory or WriteProcessMemory request was completed. (0x12B)
[1114/101849:WARNING:pe_image_reader.cc(281)] could not read dos header from C:\Windows\SYSTEM32\OLEAUT32.dll
[1114/101849:ERROR:process_reader_win.cc(233)] ReadMemory at 0x75630000 of 64 bytes failed: Only part of a ReadProcessMemory or WriteProcessMemory request was completed. (0x12B)
[1114/101849:WARNING:pe_image_reader.cc(281)] could not read dos header from C:\Windows\SYSTEM32\PSAPI.DLL
[1114/101849:ERROR:process_reader_win.cc(233)] ReadMemory at 0x75b80000 of 64 bytes failed: Only part of a ReadProcessMemory or WriteProcessMemory request was completed. (0x12B)
[1114/101849:WARNING:pe_image_reader.cc(281)] could not read dos header from C:\Windows\SYSTEM32\NSI.dll
[1114/101849:ERROR:process_reader_win.cc(233)] ReadMemory at 0x757d0000 of 64 bytes failed: Only part of a ReadProcessMemory or WriteProcessMemory request was completed. (0x12B)
[1114/101849:WARNING:pe_image_reader.cc(281)] could not read dos header from C:\Windows\SYSTEM32\WS2_32.dll
[1114/101849:ERROR:process_reader_win.cc(233)] ReadMemory at 0x74760000 of 64 bytes failed: Only part of a ReadProcessMemory or WriteProcessMemory request was completed. (0x12B)
[1114/101849:WARNING:pe_image_reader.cc(281)] could not read dos header from C:\Windows\WinSxS\x86_microsoft.windows.common-controls_6595b64144ccf1df_6.0.9600.18006_none_a9ec6aab013aafee\COMCTL32.dll
[1114/101849:ERROR:process_reader_win.cc(233)] ReadMemory at 0x77b40000 of 64 bytes failed: Only part of a ReadProcessMemory or WriteProcessMemory request was completed. (0x12B)
[1114/101849:WARNING:pe_image_reader.cc(281)] could not read dos header from C:\Windows\SYSTEM32\COMDLG32.dll
[1114/101849:ERROR:process_reader_win.cc(233)] ReadMemory at 0x672e0000 of 64 bytes failed: Only part of a ReadProcessMemory or WriteProcessMemory request was completed. (0x12B)
[1114/101849:WARNING:pe_image_reader.cc(281)] could not read dos header from C:\Windows\SYSTEM32\USP10.dll
[1114/101849:ERROR:process_reader_win.cc(233)] ReadMemory at 0x74470000 of 64 bytes failed: Only part of a ReadProcessMemory or WriteProcessMemory request was completed. (0x12B)
[1114/101849:WARNING:pe_image_reader.cc(281)] could not read dos header from C:\Windows\SYSTEM32\WINSPOOL.DRV
[1114/101849:ERROR:process_reader_win.cc(233)] ReadMemory at 0x75270000 of 64 bytes failed: Only part of a ReadProcessMemory or WriteProcessMemory request was completed. (0x12B)
[1114/101849:WARNING:pe_image_reader.cc(281)] could not read dos header from C:\Windows\SYSTEM32\WINNSI.DLL
[1114/101849:ERROR:process_reader_win.cc(233)] ReadMemory at 0x75280000 of 64 bytes failed: Only part of a ReadProcessMemory or WriteProcessMemory request was completed. (0x12B)
[1114/101849:WARNING:pe_image_reader.cc(281)] could not read dos header from C:\Windows\SYSTEM32\IPHLPAPI.DLL
[1114/101849:ERROR:process_reader_win.cc(233)] ReadMemory at 0x74140000 of 64 bytes failed: Only part of a ReadProcessMemory or WriteProcessMemory request was completed. (0x12B)
[1114/101849:WARNING:pe_image_reader.cc(281)] could not read dos header from C:\Windows\SYSTEM32\Secur32.dll
[1114/101849:ERROR:process_reader_win.cc(233)] ReadMemory at 0x73180000 of 64 bytes failed: Only part of a ReadProcessMemory or WriteProcessMemory request was completed. (0x12B)
[1114/101849:WARNING:pe_image_reader.cc(281)] could not read dos header from C:\Windows\SYSTEM32\DWrite.dll
[1114/101849:ERROR:process_reader_win.cc(233)] ReadMemory at 0x757c0000 of 64 bytes failed: Only part of a ReadProcessMemory or WriteProcessMemory request was completed. (0x12B)
[1114/101849:WARNING:pe_image_reader.cc(281)] could not read dos header from C:\Windows\SYSTEM32\MSASN1.dll
[1114/101849:ERROR:process_reader_win.cc(233)] ReadMemory at 0x776a0000 of 64 bytes failed: Only part of a ReadProcessMemory or WriteProcessMemory request was completed. (0x12B)
[1114/101849:WARNING:pe_image_reader.cc(281)] could not read dos header from C:\Windows\SYSTEM32\CRYPT32.dll
[1114/101849:ERROR:process_reader_win.cc(233)] ReadMemory at 0x77b00000 of 64 bytes failed: Only part of a ReadProcessMemory or WriteProcessMemory request was completed. (0x12B)
[1114/101849:WARNING:pe_image_reader.cc(281)] could not read dos header from C:\Windows\SYSTEM32\WINTRUST.dll
[1114/101849:ERROR:process_reader_win.cc(233)] ReadMemory at 0x51f50000 of 64 bytes failed: Only part of a ReadProcessMemory or WriteProcessMemory request was completed. (0x12B)
[1114/101849:WARNING:pe_image_reader.cc(281)] could not read dos header from C:\Program Files (x86)\Google\Chrome\Application\54.0.2840.71\chrome_child.dll
[1114/101849:ERROR:process_reader_win.cc(233)] ReadMemory at 0x10b0000 of 64 bytes failed: Only part of a ReadProcessMemory or WriteProcessMemory request was completed. (0x12B)
[1114/101849:WARNING:pe_image_reader.cc(281)] could not read dos header from C:\Program Files (x86)\Google\Chrome\Application\chrome.exe
[1114/101849:ERROR:process_reader_win.cc(233)] ReadMemory at 0x77cb0000 of 64 bytes failed: Only part of a ReadProcessMemory or WriteProcessMemory request was completed. (0x12B)
[1114/101849:WARNING:pe_image_reader.cc(281)] could not read dos header from C:\Windows\SYSTEM32\ntdll.dll
[1114/101849:ERROR:process_reader_win.cc(233)] ReadMemory at 0x762c0000 of 64 bytes failed: Only part of a ReadProcessMemory or WriteProcessMemory request was completed. (0x12B)
[1114/101849:WARNING:pe_image_reader.cc(281)] could not read dos header from C:\Windows\SYSTEM32\KERNELBASE.dll
[1114/101849:ERROR:process_reader_win.cc(233)] ReadMemory at 0x75900000 of 64 bytes failed: Only part of a ReadProcessMemory or WriteProcessMemory request was completed. (0x12B)
[1114/101849:WARNING:pe_image_reader.cc(281)] could not read dos header from C:\Windows\SYSTEM32\KERNEL32.DLL
[1114/101849:ERROR:process_reader_win.cc(233)] ReadMemory at 0x75830000 of 64 bytes failed: Only part of a ReadProcessMemory or WriteProcessMemory request was completed. (0x12B)
[1114/101849:WARNING:pe_image_reader.cc(281)] could not read dos header from C:\Windows\SYSTEM32\msvcrt.dll
[1114/101849:ERROR:process_reader_win.cc(233)] ReadMemory at 0x75430000 of 64 bytes failed: Only part of a ReadProcessMemory or WriteProcessMemory request was completed. (0x12B)
[1114/101849:WARNING:pe_image_reader.cc(281)] could not read dos header from C:\Windows\SYSTEM32\bcryptPrimitives.dll
[1114/101849:ERROR:process_reader_win.cc(233)] ReadMemory at 0x75490000 of 64 bytes failed: Only part of a ReadProcessMemory or WriteProcessMemory request was completed. (0x12B)
[1114/101849:WARNING:pe_image_reader.cc(281)] could not read dos header from C:\Windows\SYSTEM32\CRYPTBASE.DLL
[1114/101849:ERROR:process_reader_win.cc(233)] ReadMemory at 0x76030000 of 64 bytes failed: Only part of a ReadProcessMemory or WriteProcessMemory request was completed. (0x12B)
[1114/101849:WARNING:pe_image_reader.cc(281)] could not read dos header from C:\Windows\SYSTEM32\SspiCli.dll
[1114/101849:ERROR:process_reader_win.cc(233)] ReadMemory at 0x76050000 of 64 bytes failed: Only part of a ReadProcessMemory or WriteProcessMemory request was completed. (0x12B)
[1114/101849:WARNING:pe_image_reader.cc(281)] could not read dos header from C:\Windows\SYSTEM32\RPCRT4.dll
[1114/101849:ERROR:process_reader_win.cc(233)] ReadMemory at 0x75a40000 of 64 bytes failed: Only part of a ReadProcessMemory or WriteProcessMemory request was completed. (0x12B)
[1114/101849:WARNING:pe_image_reader.cc(281)] could not read dos header from C:\Windows\SYSTEM32\sechost.dll
[1114/101849:ERROR:process_reader_win.cc(233)] ReadMemory at 0x75fb0000 of 64 bytes failed: Only part of a ReadProcessMemory or WriteProcessMemory request was completed. (0x12B)
[1114/101849:WARNING:pe_image_reader.cc(281)] could not read dos header from C:\Windows\SYSTEM32\ADVAPI32.dll
[1114/101849:ERROR:process_reader_win.cc(233)] ReadMemory at 0x74230000 of 64 bytes failed: Only part of a ReadProcessMemory or WriteProcessMemory request was completed. (0x12B)
[1114/101849:WARNING:pe_image_reader.cc(281)] could not read dos header from C:\Windows\SYSTEM32\VERSION.dll
[1114/101849:ERROR:process_reader_win.cc(233)] ReadMemory at 0x671b0000 of 64 bytes failed: Only part of a ReadProcessMemory or WriteProcessMemory request was completed. (0x12B)
[1114/101849:WARNING:pe_image_reader.cc(281)] could not read dos header from C:\Program Files (x86)\Google\Chrome\Application\54.0.2840.71\chrome_elf.dll
[1114/101849:ERROR:process_reader_win.cc(233)] ReadMemory at 0x754a0000 of 64 bytes failed: Only part of a ReadProcessMemory or WriteProcessMemory request was completed. (0x12B)
[1114/101849:WARNING:pe_image_reader.cc(281)] could not read dos header from C:\Windows\SYSTEM32\combase.dll
[1114/101849:ERROR:process_reader_win.cc(233)] ReadMemory at 0x75b90000 of 64 bytes failed: Only part of a ReadProcessMemory or WriteProcessMemory request was completed. (0x12B)
[1114/101849:WARNING:pe_image_reader.cc(281)] could not read dos header from C:\Windows\SYSTEM32\GDI32.dll
[1114/101849:ERROR:process_reader_win.cc(233)] ReadMemory at 0x77830000 of 64 bytes failed: Only part of a ReadProcessMemory or WriteProcessMemory request was completed. (0x12B)
[1114/101849:WARNING:pe_image_reader.cc(281)] could not read dos header from C:\Windows\SYSTEM32\USER32.dll
[1114/101849:ERROR:process_reader_win.cc(233)] ReadMemory at 0x75cd0000 of 64 bytes failed: Only part of a ReadProcessMemory or WriteProcessMemory request was completed. (0x12B)
[1114/101849:WARNING:pe_image_reader.cc(281)] could not read dos header from C:\Windows\SYSTEM32\MSCTF.dll
[1114/101849:ERROR:process_reader_win.cc(233)] ReadMemory at 0x75ca0000 of 64 bytes failed: Only part of a ReadProcessMemory or WriteProcessMemory request was completed. (0x12B)
[1114/101849:WARNING:pe_image_reader.cc(281)] could not read dos header from C:\Windows\system32\IMM32.DLL
[1114/101849:ERROR:process_reader_win.cc(233)] ReadMemory at 0x75a90000 of 64 bytes failed: Only part of a ReadProcessMemory or WriteProcessMemory request was completed. (0x12B)
[1114/101849:WARNING:pe_image_reader.cc(281)] could not read dos header from C:\Windows\SYSTEM32\SHLWAPI.dll
[1114/101849:ERROR:process_reader_win.cc(233)] ReadMemory at 0x763e0000 of 64 bytes failed: Only part of a ReadProcessMemory or WriteProcessMemory request was completed. (0x12B)
[1114/101849:WARNING:pe_image_reader.cc(281)] could not read dos header from C:\Windows\SYSTEM32\SHELL32.dll
[1114/101849:ERROR:process_reader_win.cc(233)] ReadMemory at 0x763a0000 of 64 bytes failed: Only part of a ReadProcessMemory or WriteProcessMemory request was completed. (0x12B)
[1114/101849:WARNING:pe_image_reader.cc(281)] could not read dos header from C:\Windows\SYSTEM32\cfgmgr32.dll
[1114/101849:ERROR:process_reader_win.cc(233)] ReadMemory at 0x75360000 of 64 bytes failed: Only part of a ReadProcessMemory or WriteProcessMemory request was completed. (0x12B)
[1114/101849:WARNING:pe_image_reader.cc(281)] could not read dos header from C:\Windows\SYSTEM32\DEVOBJ.dll
[1114/101849:ERROR:process_reader_win.cc(233)] ReadMemory at 0x74fa0000 of 64 bytes failed: Only part of a ReadProcessMemory or WriteProcessMemory request was completed. (0x12B)
[1114/101849:WARNING:pe_image_reader.cc(281)] could not read dos header from C:\Windows\SYSTEM32\WINMMBASE.dll
[1114/101849:ERROR:process_reader_win.cc(233)] ReadMemory at 0x74fd0000 of 64 bytes failed: Only part of a ReadProcessMemory or WriteProcessMemory request was completed. (0x12B)
[1114/101849:WARNING:pe_image_reader.cc(281)] could not read dos header from C:\Windows\SYSTEM32\WINMM.dll
[1114/101849:ERROR:process_reader_win.cc(233)] ReadMemory at 0x753f0000 of 64 bytes failed: Only part of a ReadProcessMemory or WriteProcessMemory request was completed. (0x12B)
[1114/101849:WARNING:pe_image_reader.cc(281)] could not read dos header from C:\Windows\SYSTEM32\WTSAPI32.dll
[1114/101849:ERROR:process_reader_win.cc(233)] ReadMemory at 0x750c0000 of 64 bytes failed: Only part of a ReadProcessMemory or WriteProcessMemory request was completed. (0x12B)
[1114/101849:WARNING:pe_image_reader.cc(281)] could not read dos header from C:\Windows\SYSTEM32\WINHTTP.dll
[1114/101849:ERROR:process_reader_win.cc(233)] ReadMemory at 0x75030000 of 64 bytes failed: Only part of a ReadProcessMemory or WriteProcessMemory request was completed. (0x12B)
[1114/101849:WARNING:pe_image_reader.cc(281)] could not read dos header from C:\Windows\SYSTEM32\shcore.dll
[1114/101849:ERROR:process_reader_win.cc(233)] ReadMemory at 0x688d0000 of 64 bytes failed: Only part of a ReadProcessMemory or WriteProcessMemory request was completed. (0x12B)
[1114/101849:WARNING:pe_image_reader.cc(281)] could not read dos header from C:\Windows\SYSTEM32\dbghelp.dll
[1114/101849:ERROR:process_reader_win.cc(233)] ReadMemory at 0x76130000 of 64 bytes failed: Only part of a ReadProcessMemory or WriteProcessMemory request was completed. (0x12B)
[1114/101849:WARNING:pe_image_reader.cc(281)] could not read dos header from C:\Windows\SYSTEM32\ole32.dll
[1114/101849:ERROR:process_reader_win.cc(233)] ReadMemory at 0x75ae0000 of 64 bytes failed: Only part of a ReadProcessMemory or WriteProcessMemory request was completed. (0x12B)
[1114/101849:WARNING:pe_image_reader.cc(281)] could not read dos header from C:\Windows\SYSTEM32\OLEAUT32.dll
[1114/101849:ERROR:process_reader_win.cc(233)] ReadMemory at 0x75630000 of 64 bytes failed: Only part of a ReadProcessMemory or WriteProcessMemory request was completed. (0x12B)
[1114/101849:WARNING:pe_image_reader.cc(281)] could not read dos header from C:\Windows\SYSTEM32\PSAPI.DLL
[1114/101849:ERROR:process_reader_win.cc(233)] ReadMemory at 0x75b80000 of 64 bytes failed: Only part of a ReadProcessMemory or WriteProcessMemory request was completed. (0x12B)
[1114/101849:WARNING:pe_image_reader.cc(281)] could not read dos header from C:\Windows\SYSTEM32\NSI.dll
[1114/101849:ERROR:process_reader_win.cc(233)] ReadMemory at 0x757d0000 of 64 bytes failed: Only part of a ReadProcessMemory or WriteProcessMemory request was completed. (0x12B)
[1114/101849:WARNING:pe_image_reader.cc(281)] could not read dos header from C:\Windows\SYSTEM32\WS2_32.dll
[1114/101849:ERROR:process_reader_win.cc(233)] ReadMemory at 0x74760000 of 64 bytes failed: Only part of a ReadProcessMemory or WriteProcessMemory request was completed. (0x12B)
[1114/101849:WARNING:pe_image_reader.cc(281)] could not read dos header from C:\Windows\WinSxS\x86_microsoft.windows.common-controls_6595b64144ccf1df_6.0.9600.18006_none_a9ec6aab013aafee\COMCTL32.dll
[1114/101849:ERROR:process_reader_win.cc(233)] ReadMemory at 0x77b40000 of 64 bytes failed: Only part of a ReadProcessMemory or WriteProcessMemory request was completed. (0x12B)
[1114/101849:WARNING:pe_image_reader.cc(281)] could not read dos header from C:\Windows\SYSTEM32\COMDLG32.dll
[1114/101849:ERROR:process_reader_win.cc(233)] ReadMemory at 0x672e0000 of 64 bytes failed: Only part of a ReadProcessMemory or WriteProcessMemory request was completed. (0x12B)
[1114/101849:WARNING:pe_image_reader.cc(281)] could not read dos header from C:\Windows\SYSTEM32\USP10.dll
[1114/101849:ERROR:process_reader_win.cc(233)] ReadMemory at 0x74470000 of 64 bytes failed: Only part of a ReadProcessMemory or WriteProcessMemory request was completed. (0x12B)
[1114/101849:WARNING:pe_image_reader.cc(281)] could not read dos header from C:\Windows\SYSTEM32\WINSPOOL.DRV
[1114/101849:ERROR:process_reader_win.cc(233)] ReadMemory at 0x75270000 of 64 bytes failed: Only part of a ReadProcessMemory or WriteProcessMemory request was completed. (0x12B)
[1114/101849:WARNING:pe_image_reader.cc(281)] could not read dos header from C:\Windows\SYSTEM32\WINNSI.DLL
[1114/101849:ERROR:process_reader_win.cc(233)] ReadMemory at 0x75280000 of 64 bytes failed: Only part of a ReadProcessMemory or WriteProcessMemory request was completed. (0x12B)
[1114/101849:WARNING:pe_image_reader.cc(281)] could not read dos header from C:\Windows\SYSTEM32\IPHLPAPI.DLL
[1114/101849:ERROR:process_reader_win.cc(233)] ReadMemory at 0x74140000 of 64 bytes failed: Only part of a ReadProcessMemory or WriteProcessMemory request was completed. (0x12B)
[1114/101849:WARNING:pe_image_reader.cc(281)] could not read dos header from C:\Windows\SYSTEM32\Secur32.dll
[1114/101849:ERROR:process_reader_win.cc(233)] ReadMemory at 0x73180000 of 64 bytes failed: Only part of a ReadProcessMemory or WriteProcessMemory request was completed. (0x12B)
[1114/101849:WARNING:pe_image_reader.cc(281)] could not read dos header from C:\Windows\SYSTEM32\DWrite.dll
[1114/101849:ERROR:process_reader_win.cc(233)] ReadMemory at 0x757c0000 of 64 bytes failed: Only part of a ReadProcessMemory or WriteProcessMemory request was completed. (0x12B)
[1114/101849:WARNING:pe_image_reader.cc(281)] could not read dos header from C:\Windows\SYSTEM32\MSASN1.dll
[1114/101849:ERROR:process_reader_win.cc(233)] ReadMemory at 0x776a0000 of 64 bytes failed: Only part of a ReadProcessMemory or WriteProcessMemory request was completed. (0x12B)
[1114/101849:WARNING:pe_image_reader.cc(281)] could not read dos header from C:\Windows\SYSTEM32\CRYPT32.dll
[1114/101849:ERROR:process_reader_win.cc(233)] ReadMemory at 0x77b00000 of 64 bytes failed: Only part of a ReadProcessMemory or WriteProcessMemory request was completed. (0x12B)
[1114/101849:WARNING:pe_image_reader.cc(281)] could not read dos header from C:\Windows\SYSTEM32\WINTRUST.dll
[1114/101849:ERROR:process_reader_win.cc(233)] ReadMemory at 0x51f50000 of 64 bytes failed: Only part of a ReadProcessMemory or WriteProcessMemory request was completed. (0x12B)
[1114/101849:WARNING:pe_image_reader.cc(281)] could not read dos header from C:\Program Files (x86)\Google\Chrome\Application\54.0.2840.71\chrome_child.dll
[1114/101858:ERROR:process_reader_win.cc(233)] ReadMemory at 0x87a000 of 24576 bytes failed: Only part of a ReadProcessMemory or WriteProcessMemory request was completed. (0x12B)
[1114/101858:ERROR:crash_report_exception_handler.cc(98)] WriteEverything failed
[1114/101858:ERROR:scoped_process_suspend.cc(38)] NtResumeProcess: An attempt was made to access an exiting process.  (0xc000010a)
